[INFO] Scanning for projects...
[INFO] 
[INFO] ---------------------< com.example:gestionstages >----------------------
[INFO] Building gestionstages 0.0.1-SNAPSHOT
[INFO]   from pom.xml
[INFO] --------------------------------[ jar ]---------------------------------
[INFO] 
[INFO] >>> spring-boot:4.0.2:run (default-cli) > test-compile @ gestionstages >>>
[INFO] 
[INFO] --- resources:3.3.1:resources (default-resources) @ gestionstages ---
[INFO] Copying 1 resource from src\main\resources to target\classes
[INFO] Copying 10 resources from src\main\resources to target\classes
[INFO] 
[INFO] --- compiler:3.14.1:compile (default-compile) @ gestionstages ---
[INFO] Nothing to compile - all classes are up to date.
[INFO] 
[INFO] --- resources:3.3.1:testResources (default-testResources) @ gestionstages ---
[INFO] skip non existing resourceDirectory C:\Users\alaay\OneDrive\Bureau\projet pfe\gestion_projets\gestionstages\src\test\resources
[INFO] 
[INFO] --- compiler:3.14.1:testCompile (default-testCompile) @ gestionstages ---
[INFO] Nothing to compile - all classes are up to date.
[INFO] 
[INFO] <<< spring-boot:4.0.2:run (default-cli) < test-compile @ gestionstages <<<
[INFO] 
[INFO] 
[INFO] --- spring-boot:4.0.2:run (default-cli) @ gestionstages ---
[INFO] Attaching agents: []

  .   ____          _            __ _ _
 /\\ / ___'_ __ _ _(_)_ __  __ _ \ \ \ \
( ( )\___ | '_ | '_| | '_ \/ _` | \ \ \ \
 \\/  ___)| |_)| | | | | || (_| |  ) ) ) )
  '  |____| .__|_| |_|_| |_\__, | / / / /
 =========|_|==============|___/=/_/_/_/

 :: Spring Boot ::                (v4.0.2)

2026-04-28T10:28:01.767+01:00  INFO 7796 --- [           main] c.e.g.GestionstagesApplication           : Starting GestionstagesApplication using Java 17.0.18 with PID 7796 (C:\Users\alaay\OneDrive\Bureau\projet pfe\gestion_projets\gestionstages\target\classes started by alaay in C:\Users\alaay\OneDrive\Bureau\projet pfe\gestion_projets\gestionstages)
2026-04-28T10:28:01.770+01:00  INFO 7796 --- [           main] c.e.g.GestionstagesApplication           : No active profile set, falling back to 1 default profile: "default"
2026-04-28T10:28:02.276+01:00  INFO 7796 --- [           main] .s.d.r.c.RepositoryConfigurationDelegate : Bootstrapping Spring Data JPA repositories in DEFAULT mode.
2026-04-28T10:28:02.334+01:00  INFO 7796 --- [           main] .s.d.r.c.RepositoryConfigurationDelegate : Finished Spring Data repository scanning in 50 ms. Found 7 JPA repository interfaces.
2026-04-28T10:28:02.800+01:00  INFO 7796 --- [           main] o.s.boot.tomcat.TomcatWebServer          : Tomcat initialized with port 8080 (http)
2026-04-28T10:28:02.811+01:00  INFO 7796 --- [           main] o.apache.catalina.core.StandardService   : Starting service [Tomcat]
2026-04-28T10:28:02.811+01:00  INFO 7796 --- [           main] o.apache.catalina.core.StandardEngine    : Starting Servlet engine: [Apache Tomcat/11.0.15]
2026-04-28T10:28:02.865+01:00  INFO 7796 --- [           main] b.w.c.s.WebApplicationContextInitializer : Root WebApplicationContext: initialization completed in 1054 ms
2026-04-28T10:28:03.000+01:00  INFO 7796 --- [           main] org.hibernate.orm.jpa                    : HHH008540: Processing PersistenceUnitInfo [name: default]
2026-04-28T10:28:03.058+01:00  INFO 7796 --- [           main] org.hibernate.orm.core                   : HHH000001: Hibernate ORM core version 7.2.1.Final
2026-04-28T10:28:03.452+01:00  INFO 7796 --- [           main] o.s.o.j.p.SpringPersistenceUnitInfo      : No LoadTimeWeaver setup: ignoring JPA class transformer
2026-04-28T10:28:03.486+01:00  INFO 7796 --- [           main] com.zaxxer.hikari.HikariDataSource       : HikariPool-1 - Starting...
2026-04-28T10:28:03.902+01:00  INFO 7796 --- [           main] com.zaxxer.hikari.pool.HikariPool        : HikariPool-1 - Added connection com.mysql.cj.jdbc.ConnectionImpl@4ad3969
2026-04-28T10:28:03.903+01:00  INFO 7796 --- [           main] com.zaxxer.hikari.HikariDataSource       : HikariPool-1 - Start completed.
2026-04-28T10:28:04.013+01:00  INFO 7796 --- [           main] org.hibernate.orm.connections.pooling    : HHH10001005: Database info:
	Database JDBC URL [jdbc:mysql://localhost:3306/gestion_stages]
	Database driver: MySQL Connector/J
	Database dialect: MySQLDialect
	Database version: 8.0.45
	Default catalog/schema: gestion_stages/undefined
	Autocommit mode: undefined/unknown
	Isolation level: REPEATABLE_READ [default REPEATABLE_READ]
	JDBC fetch size: none
	Pool: DataSourceConnectionProvider
	Minimum pool size: undefined/unknown
	Maximum pool size: undefined/unknown
2026-04-28T10:28:04.938+01:00  INFO 7796 --- [           main] org.hibernate.orm.core                   : HHH000489: No JTA platform available (set 'hibernate.transaction.jta.platform' to enable JTA platform integration)
Hibernate: alter table entreprise add column ministere_id bigint
Hibernate: create table ministeres (id bigint not null auto_increment, nom varchar(255), primary key (id)) engine=InnoDB
Hibernate: alter table rapport_stage add column commentaires varchar(255)
Hibernate: alter table rapport_stage add column date_validation date
Hibernate: alter table utilisateurs add column reset_code varchar(255)
Hibernate: alter table utilisateurs add column reset_code_expiry datetime(6)
Hibernate: alter table utilisateurs add column ministere_id bigint
Hibernate: alter table entreprise add constraint FKiie7nyfwvsoriqtqh6ja7dpkd foreign key (ministere_id) references ministeres (id)
Hibernate: alter table utilisateurs add constraint FKo3aj23wi185sjwhecxdlov1du foreign key (ministere_id) references ministeres (id)
2026-04-28T10:28:05.404+01:00  INFO 7796 --- [           main] j.LocalContainerEntityManagerFactoryBean : Initialized JPA EntityManagerFactory for persistence unit 'default'
2026-04-28T10:28:05.481+01:00  INFO 7796 --- [           main] o.s.d.j.r.query.QueryEnhancerFactories   : Hibernate is in classpath; If applicable, HQL parser will be used.
2026-04-28T10:28:07.086+01:00  WARN 7796 --- [           main] JpaBaseConfiguration$JpaWebConfiguration : spring.jpa.open-in-view is enabled by default. Therefore, database queries may be performed during view rendering. Explicitly configure spring.jpa.open-in-view to disable this warning
2026-04-28T10:28:07.131+01:00  WARN 7796 --- [           main] .s.a.UserDetailsServiceAutoConfiguration : 

Using generated security password: 664f2690-5916-400e-b698-d15055e5fbe0

This generated password is for development use only. Your security configuration must be updated before running your application in production.

2026-04-28T10:28:07.136+01:00  INFO 7796 --- [           main] r$InitializeUserDetailsManagerConfigurer : Global AuthenticationManager configured with UserDetailsService bean with name inMemoryUserDetailsManager
2026-04-28T10:28:07.502+01:00  INFO 7796 --- [           main] o.s.boot.tomcat.TomcatWebServer          : Tomcat started on port 8080 (http) with context path '/'
2026-04-28T10:28:07.506+01:00  INFO 7796 --- [           main] c.e.g.GestionstagesApplication           : Started GestionstagesApplication in 6.058 seconds (process running for 6.401)
